Compiling the C compiler identification source file "CMakeCCompilerId.c" failed.
Compiler:  
Build flags: 
Id flags: 

The output was:
ì§€ì •ëœ íŒŒì¼ì„ ì°¾ì„ ìˆ˜ ì—†ìŠµë‹ˆë‹¤


Compiling the CXX compiler identification source file "CMakeCXXCompilerId.cpp" failed.
Compiler:  
Build flags: 
Id flags: 

The output was:
ì§€ì •ëœ íŒŒì¼ì„ ì°¾ì„ ìˆ˜ ì—†ìŠµë‹ˆë‹¤


Determining if the include file execinfo.h exists failed with the following output:
Change Dir: D:/sungeui/metis/build/windows/CMakeFiles/CMakeTmp

Run Build Command:"C:/Program Files (x86)/MSBuild/12.0/bin/MSBuild.exe" "cmTryCompileExec2012299764.vcxproj" "/p:Configuration=Debug" "/p:VisualStudioVersion=12.0"
Microsoft (R) Build Engine ¹öÀü 12.0.21005.1
[Microsoft .NET Framework, ¹öÀü 4.0.30319.34209]
Copyright (C) Microsoft Corporation. All rights reserved.

ºôµå ½ÃÀÛ: 2015-04-16 ¿ÀÈÄ 4:56:24
1 ³ëµåÀÇ "D:\sungeui\metis\build\windows\CMakeFiles\CMakeTmp\cmTryCompileExec2012299764.vcxproj" ÇÁ·ÎÁ§Æ®(±âº» ´ë»ó)ÀÔ´Ï´Ù.
PrepareForBuild:
  "cmTryCompileExec2012299764.dir\Debug\" µð·ºÅÍ¸®¸¦ ¸¸µé°í ÀÖ½À´Ï´Ù.
  "D:\sungeui\metis\build\windows\CMakeFiles\CMakeTmp\Debug\" µð·ºÅÍ¸®¸¦ ¸¸µé°í ÀÖ½À´Ï´Ù.
  "cmTryCompileExec2012299764.dir\Debug\cmTryCom.ADA03628.tlog\" µð·ºÅÍ¸®¸¦ ¸¸µé°í ÀÖ½À´Ï´Ù.
InitializeBuildStatus:
  "AlwaysCreate"ÀÌ(°¡) ÁöÁ¤µÇ¾ú±â ¶§¹®¿¡ "cmTryCompileExec2012299764.dir\Debug\cmTryCom.ADA03628.tlog\unsuccessfulbuild"À»(¸¦) ¸¸µé°í ÀÖ½À´Ï´Ù.
ClCompile:
  D:\Program Files (x86)\Microsoft Visual Studio 12.0\VC\bin\CL.exe /c /Zi /W1 /WX- /Od /Ob0 /Oy- /D _DEBUG /D "CMAKE_INTDIR=\"Debug\"" /D _MBCS /Gm- /RTC1 /MDd /GS /fp:precise /Zc:wchar_t /Zc:forScope /Fo"cmTryCompileExec2012299764.dir\Debug\\" /Fd"cmTryCompileExec2012299764.dir\Debug\vc120.pdb" /Gd /TC /analyze- /errorReport:queue D:\sungeui\metis\build\windows\CMakeFiles\CMakeTmp\CheckIncludeFile.c
  Microsoft (R) C/C++ Optimizing Compiler Version 18.00.21005.1 for x86
  Copyright (C) Microsoft Corporation.  All rights reserved.
  
  cl /c /Zi /W1 /WX- /Od /Ob0 /Oy- /D _DEBUG /D "CMAKE_INTDIR=\"Debug\"" /D _MBCS /Gm- /RTC1 /MDd /GS /fp:precise /Zc:wchar_t /Zc:forScope /Fo"cmTryCompileExec2012299764.dir\Debug\\" /Fd"cmTryCompileExec2012299764.dir\Debug\vc120.pdb" /Gd /TC /analyze- /errorReport:queue D:\sungeui\metis\build\windows\CMakeFiles\CMakeTmp\CheckIncludeFile.c
  
  CheckIncludeFile.c
D:\sungeui\metis\build\windows\CMakeFiles\CMakeTmp\CheckIncludeFile.c(1): fatal error C1083: Cannot open include file: 'execinfo.h': No such file or directory [D:\sungeui\metis\build\windows\CMakeFiles\CMakeTmp\cmTryCompileExec2012299764.vcxproj]
"D:\sungeui\metis\build\windows\CMakeFiles\CMakeTmp\cmTryCompileExec2012299764.vcxproj" ÇÁ·ÎÁ§Æ®¸¦ ºôµåÇß½À´Ï´Ù(±âº» ´ë»ó). - ½ÇÆÐ

ºôµåÇÏÁö ¸øÇß½À´Ï´Ù.

"D:\sungeui\metis\build\windows\CMakeFiles\CMakeTmp\cmTryCompileExec2012299764.vcxproj"(±âº» ´ë»ó)(1)->
(ClCompile ´ë»ó) -> 
  D:\sungeui\metis\build\windows\CMakeFiles\CMakeTmp\CheckIncludeFile.c(1): fatal error C1083: Cannot open include file: 'execinfo.h': No such file or directory [D:\sungeui\metis\build\windows\CMakeFiles\CMakeTmp\cmTryCompileExec2012299764.vcxproj]

    °æ°í 0°³
    ¿À·ù 1°³

°æ°ú ½Ã°£: 00:00:00.23


Determining if the function getline exists failed with the following output:
Change Dir: D:/sungeui/metis/build/windows/CMakeFiles/CMakeTmp

Run Build Command:"C:/Program Files (x86)/MSBuild/12.0/bin/MSBuild.exe" "cmTryCompileExec647081963.vcxproj" "/p:Configuration=Debug" "/p:VisualStudioVersion=12.0"
Microsoft (R) Build Engine ¹öÀü 12.0.21005.1
[Microsoft .NET Framework, ¹öÀü 4.0.30319.34209]
Copyright (C) Microsoft Corporation. All rights reserved.

ºôµå ½ÃÀÛ: 2015-04-16 ¿ÀÈÄ 4:56:24
1 ³ëµåÀÇ "D:\sungeui\metis\build\windows\CMakeFiles\CMakeTmp\cmTryCompileExec647081963.vcxproj" ÇÁ·ÎÁ§Æ®(±âº» ´ë»ó)ÀÔ´Ï´Ù.
PrepareForBuild:
  "cmTryCompileExec647081963.dir\Debug\" µð·ºÅÍ¸®¸¦ ¸¸µé°í ÀÖ½À´Ï´Ù.
  "D:\sungeui\metis\build\windows\CMakeFiles\CMakeTmp\Debug\" µð·ºÅÍ¸®¸¦ ¸¸µé°í ÀÖ½À´Ï´Ù.
  "cmTryCompileExec647081963.dir\Debug\cmTryCom.E23B8D6F.tlog\" µð·ºÅÍ¸®¸¦ ¸¸µé°í ÀÖ½À´Ï´Ù.
InitializeBuildStatus:
  "AlwaysCreate"ÀÌ(°¡) ÁöÁ¤µÇ¾ú±â ¶§¹®¿¡ "cmTryCompileExec647081963.dir\Debug\cmTryCom.E23B8D6F.tlog\unsuccessfulbuild"À»(¸¦) ¸¸µé°í ÀÖ½À´Ï´Ù.
ClCompile:
  D:\Program Files (x86)\Microsoft Visual Studio 12.0\VC\bin\CL.exe /c /Zi /W1 /WX- /Od /Ob0 /Oy- /D CHECK_FUNCTION_EXISTS=getline /D _DEBUG /D "CMAKE_INTDIR=\"Debug\"" /D _MBCS /Gm- /RTC1 /MDd /GS /fp:precise /Zc:wchar_t /Zc:forScope /Fo"cmTryCompileExec647081963.dir\Debug\\" /Fd"cmTryCompileExec647081963.dir\Debug\vc120.pdb" /Gd /TC /analyze- /errorReport:queue "C:\Program Files (x86)\CMake\share\cmake-3.2\Modules\CheckFunctionExists.c"
  Microsoft (R) C/C++ Optimizing Compiler Version 18.00.21005.1 for x86
  Copyright (C) Microsoft Corporation.  All rights reserved.
  
  cl /c /Zi /W1 /WX- /Od /Ob0 /Oy- /D CHECK_FUNCTION_EXISTS=getline /D _DEBUG /D "CMAKE_INTDIR=\"Debug\"" /D _MBCS /Gm- /RTC1 /MDd /GS /fp:precise /Zc:wchar_t /Zc:forScope /Fo"cmTryCompileExec647081963.dir\Debug\\" /Fd"cmTryCompileExec647081963.dir\Debug\vc120.pdb" /Gd /TC /analyze- /errorReport:queue "C:\Program Files (x86)\CMake\share\cmake-3.2\Modules\CheckFunctionExists.c"
  
  CheckFunctionExists.c
Link:
  D:\Program Files (x86)\Microsoft Visual Studio 12.0\VC\bin\link.exe /ERRORREPORT:QUEUE /OUT:"D:\sungeui\metis\build\windows\CMakeFiles\CMakeTmp\Debug\cmTryCompileExec647081963.exe" /INCREMENTAL /NOLOGO kernel32.lib user32.lib gdi32.lib winspool.lib shell32.lib ole32.lib oleaut32.lib uuid.lib comdlg32.lib advapi32.lib /MANIFEST /MANIFESTUAC:"level='asInvoker' uiAccess='false'" /manifest:embed /DEBUG /PDB:"D:/sungeui/metis/build/windows/CMakeFiles/CMakeTmp/Debug/cmTryCompileExec647081963.pdb" /SUBSYSTEM:CONSOLE /TLBID:1 /DYNAMICBASE /NXCOMPAT /IMPLIB:"D:/sungeui/metis/build/windows/CMakeFiles/CMakeTmp/Debug/cmTryCompileExec647081963.lib" /MACHINE:X86 /SAFESEH  /machine:X86 /debug cmTryCompileExec647081963.dir\Debug\CheckFunctionExists.obj
CheckFunctionExists.obj : error LNK2019: unresolved external symbol _getline referenced in function _main [D:\sungeui\metis\build\windows\CMakeFiles\CMakeTmp\cmTryCompileExec647081963.vcxproj]
D:\sungeui\metis\build\windows\CMakeFiles\CMakeTmp\Debug\cmTryCompileExec647081963.exe : fatal error LNK1120: 1 unresolved externals [D:\sungeui\metis\build\windows\CMakeFiles\CMakeTmp\cmTryCompileExec647081963.vcxproj]
"D:\sungeui\metis\build\windows\CMakeFiles\CMakeTmp\cmTryCompileExec647081963.vcxproj" ÇÁ·ÎÁ§Æ®¸¦ ºôµåÇß½À´Ï´Ù(±âº» ´ë»ó). - ½ÇÆÐ

ºôµåÇÏÁö ¸øÇß½À´Ï´Ù.

"D:\sungeui\metis\build\windows\CMakeFiles\CMakeTmp\cmTryCompileExec647081963.vcxproj"(±âº» ´ë»ó)(1)->
(Link ´ë»ó) -> 
  CheckFunctionExists.obj : error LNK2019: unresolved external symbol _getline referenced in function _main [D:\sungeui\metis\build\windows\CMakeFiles\CMakeTmp\cmTryCompileExec647081963.vcxproj]
  D:\sungeui\metis\build\windows\CMakeFiles\CMakeTmp\Debug\cmTryCompileExec647081963.exe : fatal error LNK1120: 1 unresolved externals [D:\sungeui\metis\build\windows\CMakeFiles\CMakeTmp\cmTryCompileExec647081963.vcxproj]

    °æ°í 0°³
    ¿À·ù 2°³

°æ°ú ½Ã°£: 00:00:00.42


